<?xml version="1.0" encoding="UTF-8"?>
<!-- Generated by org.testng.reporters.JUnitXMLReporter -->
<testsuite ignored="2" hostname="LAP-0217" failures="3" tests="5" name="Surefire test" time="6.188" errors="0" timestamp="2024-12-11T16:31:14 IST">
  <testcase classname="TestPages.HomePageTest" name="VerifyNavigateionToHomePage" time="0.01"/>
  <testcase classname="TestPages.HomePageTest" name="VerifyNavigationOnRevenueCalculatorPage" time="6.098"/>
  <testcase classname="TestPages.RevenueCalculatorPageTest" name="VerifyScrolling" time="0.003">
    <failure type="java.lang.NullPointerException" message="Cannot invoke &amp;quot;org.openqa.selenium.SearchContext.findElement(org.openqa.selenium.By)&amp;quot; because &amp;quot;this.searchContext&amp;quot; is null">
      <![CDATA[java.lang.NullPointerException: Cannot invoke "org.openqa.selenium.SearchContext.findElement(org.openqa.selenium.By)" because "this.searchContext" is null
at org.openqa.selenium.support.pagefactory.DefaultElementLocator.findElement(DefaultElementLocator.java:68)
at org.openqa.selenium.support.pagefactory.internal.LocatingElementHandler.invoke(LocatingElementHandler.java:38)
at jdk.proxy2/jdk.proxy2.$Proxy10.toString(Unknown Source)
at java.base/java.lang.String.valueOf(String.java:4225)
at java.base/java.lang.StringBuilder.append(StringBuilder.java:173)
at Utility.ActionsUtility.ScrollDownToView(ActionsUtility.java:33)
at TestPages.RevenueCalculatorPageTest.VerifyScrolling(RevenueCalculatorPageTest.java:26)
at java.base/java.util.ArrayList.forEach(ArrayList.java:1511)
... Removed 30 stack frames]]>
    </failure>
  </testcase> <!-- VerifyScrolling -->
  <testcase classname="TestPages.HomePageTest" name="VerifyNavigateionToHomePage" time="0.001">
    <failure type="java.lang.NullPointerException" message="Cannot invoke &amp;quot;org.openqa.selenium.WebDriver.getTitle()&amp;quot; because &amp;quot;this.driver&amp;quot; is null">
      <![CDATA[java.lang.NullPointerException: Cannot invoke "org.openqa.selenium.WebDriver.getTitle()" because "this.driver" is null
at TestPages.HomePageTest.VerifyNavigateionToHomePage(HomePageTest.java:36)
at java.base/java.util.ArrayList.forEach(ArrayList.java:1511)
... Removed 30 stack frames]]>
    </failure>
  </testcase> <!-- VerifyNavigateionToHomePage -->
  <testcase classname="TestPages.HomePageTest" name="VerifyNavigationOnRevenueCalculatorPage" time="0.001">
    <failure type="java.lang.NullPointerException" message="Cannot invoke &amp;quot;Pages.HomePage.clickOnHeaderLink()&amp;quot; because &amp;quot;this.h&amp;quot; is null">
      <![CDATA[java.lang.NullPointerException: Cannot invoke "Pages.HomePage.clickOnHeaderLink()" because "this.h" is null
at TestPages.HomePageTest.VerifyNavigationOnRevenueCalculatorPage(HomePageTest.java:45)
at java.base/java.util.ArrayList.forEach(ArrayList.java:1511)
... Removed 30 stack frames]]>
    </failure>
  </testcase> <!-- VerifyNavigationOnRevenueCalculatorPage -->
  <testcase classname="TestPages.HomePageTest" name="@AfterSuite tearDownDriver" time="0.0">
    <ignored/>
  </testcase> <!-- @AfterSuite tearDownDriver -->
  <testcase classname="TestPages.HomePageTest" name="@BeforeSuite setup" time="0.0">
    <ignored/>
  </testcase> <!-- @BeforeSuite setup -->
</testsuite> <!-- Surefire test -->
